-----------------------bi-lstm-----------------------------------------------
load data ...
build vocab ...
train ...
Epoch 0 Train Loss 0.6647795476913452 Train Acc 0.5918
Epoch 0 Valid Loss 0.5844554342269898 Valid Acc 0.7196
Epoch 1 Train Loss 0.6247965600013733 Train Acc 0.6625
Epoch 1 Valid Loss 0.763613459777832 Valid Acc 0.5656
Epoch 2 Train Loss 0.5843268342018128 Train Acc 0.70645
Epoch 2 Valid Loss 0.5199185683250427 Valid Acc 0.7612
Epoch 3 Train Loss 0.5566228366851806 Train Acc 0.71925
Epoch 3 Valid Loss 0.44865964431762695 Valid Acc 0.8036
Epoch 4 Train Loss 0.4566197650432587 Train Acc 0.79865
Epoch 4 Valid Loss 0.3744453866958618 Valid Acc 0.8548
Epoch 5 Train Loss 0.36981672110557556 Train Acc 0.84805
Epoch 5 Valid Loss 0.47442067947387695 Valid Acc 0.7752
Epoch 6 Train Loss 0.3309503813743591 Train Acc 0.86315
Epoch 6 Valid Loss 0.3119267852783203 Valid Acc 0.8678
Epoch 7 Train Loss 0.30378414912223817 Train Acc 0.88005
Epoch 7 Valid Loss 0.31826196410655977 Valid Acc 0.8832
Epoch 8 Train Loss 0.2760480483531952 Train Acc 0.8912
Epoch 8 Valid Loss 0.32492587571144105 Valid Acc 0.8722
Epoch 9 Train Loss 0.23919156517982482 Train Acc 0.9082
Epoch 9 Valid Loss 0.28906396317481997 Valid Acc 0.89
Epoch 10 Train Loss 0.275107488822937 Train Acc 0.88865
Epoch 10 Valid Loss 0.44326728038787844 Valid Acc 0.8166
Epoch 11 Train Loss 0.25620080761909486 Train Acc 0.90235
Epoch 11 Valid Loss 0.31917412226200104 Valid Acc 0.8748
Epoch 12 Train Loss 0.22384956722259522 Train Acc 0.9152
Epoch 12 Valid Loss 0.3007724916934967 Valid Acc 0.8904
Epoch 13 Train Loss 0.19410376024246215 Train Acc 0.92615
Epoch 13 Valid Loss 0.2888418632030487 Valid Acc 0.8936
Epoch 14 Train Loss 0.18089623198509217 Train Acc 0.93315
Epoch 14 Valid Loss 0.2894950626373291 Valid Acc 0.8954
Epoch 15 Train Loss 0.16405661981105804 Train Acc 0.93785
Epoch 15 Valid Loss 0.3375313385128975 Valid Acc 0.8786
Epoch 16 Train Loss 0.149607410466671 Train Acc 0.9436
Epoch 16 Valid Loss 0.3252748378276825 Valid Acc 0.8868
Epoch 17 Train Loss 0.14669496585130692 Train Acc 0.94445
Epoch 17 Valid Loss 0.33597998983860017 Valid Acc 0.8902
Epoch 18 Train Loss 0.12704677313566207 Train Acc 0.9555
Epoch 18 Valid Loss 0.2954787240982056 Valid Acc 0.8944
Epoch 19 Train Loss 0.12139982452392578 Train Acc 0.9578
Epoch 19 Valid Loss 0.3356254881709814 Valid Acc 0.9012
Epoch 20 Train Loss 0.11747127969563008 Train Acc 0.957
Epoch 20 Valid Loss 0.3359491950929165 Valid Acc 0.898
Epoch 21 Train Loss 0.1055471291422844 Train Acc 0.962
Epoch 21 Valid Loss 0.3401464240729809 Valid Acc 0.9004
Epoch 22 Train Loss 0.093023846539855 Train Acc 0.96795
Epoch 22 Valid Loss 0.3378948667049408 Valid Acc 0.8984
Epoch 23 Train Loss 0.08823618290126324 Train Acc 0.96915
Epoch 23 Valid Loss 0.3380769162654877 Valid Acc 0.8984
Epoch 24 Train Loss 0.08608257139325141 Train Acc 0.9688
Epoch 24 Valid Loss 0.3527051125228405 Valid Acc 0.9
Epoch 25 Train Loss 0.07672342266440392 Train Acc 0.9733
Epoch 25 Valid Loss 0.3792552897259593 Valid Acc 0.8982
Epoch 26 Train Loss 0.06637047176659107 Train Acc 0.9781
Epoch 26 Valid Loss 0.39798909562528134 Valid Acc 0.8942
Epoch 27 Train Loss 0.06203293735980987 Train Acc 0.97925
Epoch 27 Valid Loss 0.41058859586790203 Valid Acc 0.8978
Epoch 28 Train Loss 0.055303053668141366 Train Acc 0.9819
Epoch 28 Valid Loss 0.4449892534673214 Valid Acc 0.8958
Epoch 29 Train Loss 0.053101973892003294 Train Acc 0.9828
Epoch 29 Valid Loss 0.4317524191003293 Valid Acc 0.8964
Epoch 30 Train Loss 0.05047619477137923 Train Acc 0.98345
Epoch 30 Valid Loss 0.40793028620779515 Valid Acc 0.8952
Epoch 31 Train Loss 0.04339167729392648 Train Acc 0.98595
Epoch 31 Valid Loss 0.4930617330878973 Valid Acc 0.888
Epoch 32 Train Loss 0.04030463120006025 Train Acc 0.98675
Epoch 32 Valid Loss 0.4486803666487336 Valid Acc 0.8978
Epoch 33 Train Loss 0.03697977264299989 Train Acc 0.98795
Epoch 33 Valid Loss 0.45080276985168455 Valid Acc 0.8938
Epoch 34 Train Loss 0.03322833457030356 Train Acc 0.9888
Epoch 34 Valid Loss 0.4888783405791968 Valid Acc 0.8974
Epoch 35 Train Loss 0.03211736939586699 Train Acc 0.98905
Epoch 35 Valid Loss 0.4807930461525917 Valid Acc 0.896
Epoch 36 Train Loss 0.03239939426947385 Train Acc 0.98945
Epoch 36 Valid Loss 0.47628232429865747 Valid Acc 0.8976
Epoch 37 Train Loss 0.03090495225675404 Train Acc 0.99025
Epoch 37 Valid Loss 0.4994250227432698 Valid Acc 0.8958
Epoch 38 Train Loss 0.030055677574500443 Train Acc 0.9905
Epoch 38 Valid Loss 0.4793333949316293 Valid Acc 0.8994
Epoch 39 Train Loss 0.025310174569766968 Train Acc 0.99165
Epoch 39 Valid Loss 0.5173282057859003 Valid Acc 0.8974
Epoch 40 Train Loss 0.026104529160447417 Train Acc 0.9913
Epoch 40 Valid Loss 0.5139738372825086 Valid Acc 0.8922
Epoch 41 Train Loss 0.022052185233309866 Train Acc 0.9925
Epoch 41 Valid Loss 0.5842923915295861 Valid Acc 0.8936
Epoch 42 Train Loss 0.020073646681383252 Train Acc 0.9933
Epoch 42 Valid Loss 0.5269980121083557 Valid Acc 0.8948
Epoch 43 Train Loss 0.022484110695961863 Train Acc 0.99265
Epoch 43 Valid Loss 0.6193351218909026 Valid Acc 0.8952
Epoch 44 Train Loss 0.022110577836446463 Train Acc 0.99335
Epoch 44 Valid Loss 0.5454668454416096 Valid Acc 0.8966
Epoch 45 Train Loss 0.016284040454681962 Train Acc 0.9944
Epoch 45 Valid Loss 0.5759306178470143 Valid Acc 0.8958
Epoch 46 Train Loss 0.01826136741274968 Train Acc 0.9942
Epoch 46 Valid Loss 0.5987864140152931 Valid Acc 0.8918
Epoch 47 Train Loss 0.014778139177523554 Train Acc 0.99495
Epoch 47 Valid Loss 0.5728316267902032 Valid Acc 0.8958
Epoch 48 Train Loss 0.012499278553761543 Train Acc 0.9959
Epoch 48 Valid Loss 0.6486488268320448 Valid Acc 0.8976
Epoch 49 Train Loss 0.014069834154704586 Train Acc 0.9953
Epoch 49 Valid Loss 0.617237731276825 Valid Acc 0.8934
Epoch 50 Train Loss 0.011690561784571037 Train Acc 0.99625
Epoch 50 Valid Loss 0.6329095779448748 Valid Acc 0.8962
Epoch 51 Train Loss 0.013628491907473653 Train Acc 0.9957
Epoch 51 Valid Loss 0.6754289617005735 Valid Acc 0.8962
Epoch 52 Train Loss 0.01362636041410733 Train Acc 0.99575
Epoch 52 Valid Loss 0.5896674573555589 Valid Acc 0.8962
Epoch 53 Train Loss 0.011148742816504091 Train Acc 0.9961
Epoch 53 Valid Loss 0.6236734969325364 Valid Acc 0.8932
Epoch 54 Train Loss 0.010832242713985033 Train Acc 0.99645
Epoch 54 Valid Loss 0.6360264202788938 Valid Acc 0.8946
Epoch 55 Train Loss 0.010439323939941823 Train Acc 0.9961
Epoch 55 Valid Loss 0.6795535567763378 Valid Acc 0.8962
Epoch 56 Train Loss 0.010421347666019574 Train Acc 0.9969
Epoch 56 Valid Loss 0.6326287452349905 Valid Acc 0.8944
Epoch 57 Train Loss 0.010291699772444554 Train Acc 0.9963
Epoch 57 Valid Loss 0.6917065759701654 Valid Acc 0.8972
Epoch 58 Train Loss 0.008028032364603132 Train Acc 0.9974
Epoch 58 Valid Loss 0.6642523634724785 Valid Acc 0.8934
Epoch 59 Train Loss 0.009854414002364502 Train Acc 0.9967
Epoch 59 Valid Loss 0.7152445278797299 Valid Acc 0.8936
Epoch 60 Train Loss 0.008992640996247064 Train Acc 0.99695
Epoch 60 Valid Loss 0.6841030615347438 Valid Acc 0.8946
Epoch 61 Train Loss 0.007446625937148929 Train Acc 0.99785
Epoch 61 Valid Loss 0.7465468362834071 Valid Acc 0.8958
Epoch 62 Train Loss 0.0073060123118571935 Train Acc 0.998
Epoch 62 Valid Loss 0.6945034614920617 Valid Acc 0.8954
Epoch 63 Train Loss 0.008715494464198127 Train Acc 0.99685
Epoch 63 Valid Loss 0.7027405464291573 Valid Acc 0.8954
Epoch 64 Train Loss 0.008967920371284709 Train Acc 0.99695
Epoch 64 Valid Loss 0.7031427102375309 Valid Acc 0.8994
Epoch 65 Train Loss 0.00871611722887028 Train Acc 0.9972
Epoch 65 Valid Loss 0.7082364972179755 Valid Acc 0.896
Epoch 66 Train Loss 0.008716644735157025 Train Acc 0.99705
Epoch 66 Valid Loss 0.7038361723184585 Valid Acc 0.8944
Epoch 67 Train Loss 0.007245651294942946 Train Acc 0.9981
Epoch 67 Valid Loss 0.7143011964559555 Valid Acc 0.8924
Epoch 68 Train Loss 0.008282565386919304 Train Acc 0.9971
Epoch 68 Valid Loss 0.811319166649878 Valid Acc 0.8958
Epoch 69 Train Loss 0.01144925423276145 Train Acc 0.9962
Epoch 69 Valid Loss 0.6923366437196732 Valid Acc 0.893
Epoch 70 Train Loss 0.007445727048465051 Train Acc 0.99755
Epoch 70 Valid Loss 0.6792148523922078 Valid Acc 0.8936
Epoch 71 Train Loss 0.006227468988718465 Train Acc 0.9979
Epoch 71 Valid Loss 0.7457473183229566 Valid Acc 0.8956
Epoch 72 Train Loss 0.005763067257206421 Train Acc 0.99815
Epoch 72 Valid Loss 0.727060637341626 Valid Acc 0.8944
Epoch 73 Train Loss 0.008109539415326435 Train Acc 0.9974
Epoch 73 Valid Loss 0.7146880304269493 Valid Acc 0.8952
Epoch 74 Train Loss 0.006197066405398073 Train Acc 0.998
Epoch 74 Valid Loss 0.7002062560521998 Valid Acc 0.8924
Epoch 75 Train Loss 0.005565121276391438 Train Acc 0.998
Epoch 75 Valid Loss 0.7139775377797895 Valid Acc 0.8964
Epoch 76 Train Loss 0.0061307373392977755 Train Acc 0.9983
Epoch 76 Valid Loss 0.7411994427431607 Valid Acc 0.8966
Epoch 77 Train Loss 0.007192069481348153 Train Acc 0.99785
Epoch 77 Valid Loss 0.655938475086866 Valid Acc 0.8972
Epoch 78 Train Loss 0.004436015012935968 Train Acc 0.9987
Epoch 78 Valid Loss 0.746166142887657 Valid Acc 0.895
Epoch 79 Train Loss 0.004784129577409476 Train Acc 0.99865
Epoch 79 Valid Loss 0.716108740274678 Valid Acc 0.8962
Epoch 80 Train Loss 0.005673677725909511 Train Acc 0.9981
Epoch 80 Valid Loss 0.7330842073793057 Valid Acc 0.897
Epoch 81 Train Loss 0.00479785504611209 Train Acc 0.99875
Epoch 81 Valid Loss 0.7796462127049104 Valid Acc 0.8918
Epoch 82 Train Loss 0.004752771778136957 Train Acc 0.9987
Epoch 82 Valid Loss 0.8155910698815831 Valid Acc 0.8938
Epoch 83 Train Loss 0.004831882615759969 Train Acc 0.9987
Epoch 83 Valid Loss 0.7744597462903708 Valid Acc 0.8968
Epoch 84 Train Loss 0.004772611651243642 Train Acc 0.99815
Epoch 84 Valid Loss 0.8529158275596157 Valid Acc 0.8944
Epoch 85 Train Loss 0.005829485434992239 Train Acc 0.9983
Epoch 85 Valid Loss 0.7014554225070402 Valid Acc 0.892
Epoch 86 Train Loss 0.004406807940261205 Train Acc 0.9987
Epoch 86 Valid Loss 0.8064365305373794 Valid Acc 0.8912
Epoch 87 Train Loss 0.004203316836006707 Train Acc 0.99865
Epoch 87 Valid Loss 0.7236041884599254 Valid Acc 0.8924
Epoch 88 Train Loss 0.0035998168535821607 Train Acc 0.9988
Epoch 88 Valid Loss 0.8603558227202855 Valid Acc 0.8936
Epoch 89 Train Loss 0.003353200808877591 Train Acc 0.99905
Epoch 89 Valid Loss 0.7937991216260242 Valid Acc 0.894
Epoch 90 Train Loss 0.002943958357849624 Train Acc 0.9992
Epoch 90 Valid Loss 0.9018698214320117 Valid Acc 0.8926
Epoch 91 Train Loss 0.004205788863118505 Train Acc 0.9986
Epoch 91 Valid Loss 0.8605934880845248 Valid Acc 0.8886
Epoch 92 Train Loss 0.004720322687050794 Train Acc 0.99865
Epoch 92 Valid Loss 0.8523682856486179 Valid Acc 0.8936
Epoch 93 Train Loss 0.006640132177429041 Train Acc 0.9982
Epoch 93 Valid Loss 0.8131144921071595 Valid Acc 0.8922
Epoch 94 Train Loss 0.004213779785900261 Train Acc 0.9984
Epoch 94 Valid Loss 0.7939789476376027 Valid Acc 0.888
Epoch 95 Train Loss 0.003842695368902059 Train Acc 0.999
Epoch 95 Valid Loss 0.7840304084102158 Valid Acc 0.8912
Epoch 96 Train Loss 0.002470100073638605 Train Acc 0.99915
Epoch 96 Valid Loss 0.9435383428008237 Valid Acc 0.894
Epoch 97 Train Loss 0.003525536841200665 Train Acc 0.99915
Epoch 97 Valid Loss 0.8300776694680564 Valid Acc 0.8948
Epoch 98 Train Loss 0.004034714916878147 Train Acc 0.99895
Epoch 98 Valid Loss 0.7796428780310496 Valid Acc 0.8938
Epoch 99 Train Loss 0.0029379815284744835 Train Acc 0.99915
Epoch 99 Valid Loss 0.859279446357349 Valid Acc 0.8934

-----------------------lstm-----------------------------------------------
load data ...
build vocab ...
/environment/python/versions/miniconda3-4.7.12/lib/python3.7/site-packages/torch/nn/modules/rnn.py:65: UserWarning: dropout option adds dropout after all but last recurrent layer, so non-zero dropout expects num_layers greater than 1, but got dropout=0.5 and num_layers=1
  "num_layers={}".format(dropout, num_layers))
train ...
Epoch 0 Train Loss 0.6934002307891846 Train Acc 0.4992
Epoch 0 Valid Loss 0.6928132829666138 Valid Acc 0.5174
Epoch 1 Train Loss 0.6933011984825135 Train Acc 0.4995
Epoch 1 Valid Loss 0.6938979721069336 Valid Acc 0.4864
Epoch 2 Train Loss 0.6932828451156616 Train Acc 0.4953
Epoch 2 Valid Loss 0.6923855493545532 Valid Acc 0.5002
Epoch 3 Train Loss 0.6931738993644715 Train Acc 0.499
Epoch 3 Valid Loss 0.6901478037834168 Valid Acc 0.525
Epoch 4 Train Loss 0.6924471239089965 Train Acc 0.5059
Epoch 4 Valid Loss 0.6865330951690674 Valid Acc 0.5454
Epoch 5 Train Loss 0.6921750604629516 Train Acc 0.50505
Epoch 5 Valid Loss 0.6921921840667724 Valid Acc 0.5258
Epoch 6 Train Loss 0.6915543403625488 Train Acc 0.50105
Epoch 6 Valid Loss 0.712714154434204 Valid Acc 0.5574
Epoch 7 Train Loss 0.6913603994369507 Train Acc 0.5061
Epoch 7 Valid Loss 0.7527968200683594 Valid Acc 0.5686
Epoch 8 Train Loss 0.6905480665206909 Train Acc 0.50455
Epoch 8 Valid Loss 0.6740618773460388 Valid Acc 0.5776
Epoch 9 Train Loss 0.6889073075294495 Train Acc 0.50675
Epoch 9 Valid Loss 0.6654052777290345 Valid Acc 0.6148
Epoch 10 Train Loss 0.6888504816055298 Train Acc 0.51175
Epoch 10 Valid Loss 0.648285536289215 Valid Acc 0.6382
Epoch 11 Train Loss 0.688154835319519 Train Acc 0.5064
Epoch 11 Valid Loss 0.6495448134422303 Valid Acc 0.6594
Epoch 12 Train Loss 0.6872124137878418 Train Acc 0.5049
Epoch 12 Valid Loss 0.6372322344779968 Valid Acc 0.6566
Epoch 13 Train Loss 0.6864844598770141 Train Acc 0.51175
Epoch 13 Valid Loss 0.6558552790641785 Valid Acc 0.6678
Epoch 14 Train Loss 0.6867253486633301 Train Acc 0.5132
Epoch 14 Valid Loss 0.6689146505355835 Valid Acc 0.677
Epoch 15 Train Loss 0.6867263216018676 Train Acc 0.5012
Epoch 15 Valid Loss 0.6696563270568847 Valid Acc 0.6856
Epoch 16 Train Loss 0.686283321094513 Train Acc 0.5068
Epoch 16 Valid Loss 0.6476318935394287 Valid Acc 0.6714
Epoch 17 Train Loss 0.6848956471443176 Train Acc 0.50935
Epoch 17 Valid Loss 0.6537988595962524 Valid Acc 0.6926
Epoch 18 Train Loss 0.6835038774490356 Train Acc 0.5137
Epoch 18 Valid Loss 0.6767573444366455 Valid Acc 0.6708
Epoch 19 Train Loss 0.6384670117378235 Train Acc 0.6447
Epoch 19 Valid Loss 0.7313672776222229 Valid Acc 0.7042
Epoch 20 Train Loss 0.6211401168823242 Train Acc 0.6813
Epoch 20 Valid Loss 0.6152769931793213 Valid Acc 0.7174
Epoch 21 Train Loss 0.6436493809700012 Train Acc 0.60625
Epoch 21 Valid Loss 0.5609194355010987 Valid Acc 0.716
Epoch 22 Train Loss 0.6072914617538452 Train Acc 0.67585
Epoch 22 Valid Loss 0.7652987102985382 Valid Acc 0.7264
Epoch 23 Train Loss 0.5881051193237304 Train Acc 0.70825
Epoch 23 Valid Loss 0.6126659148216248 Valid Acc 0.765
Epoch 24 Train Loss 0.5890663849830627 Train Acc 0.6893
Epoch 24 Valid Loss 0.5691127066612244 Valid Acc 0.7038
Epoch 25 Train Loss 0.6112492509841919 Train Acc 0.65045
Epoch 25 Valid Loss 0.5186141544342041 Valid Acc 0.759
Epoch 26 Train Loss 0.6037000870704651 Train Acc 0.6539
Epoch 26 Valid Loss 0.551314953994751 Valid Acc 0.694
Epoch 27 Train Loss 0.6227940833091736 Train Acc 0.6183
Epoch 27 Valid Loss 0.5989985077857971 Valid Acc 0.6486
Epoch 28 Train Loss 0.638140245437622 Train Acc 0.58935
Epoch 28 Valid Loss 0.4745496256828308 Valid Acc 0.802
Epoch 29 Train Loss 0.5709802212715149 Train Acc 0.7122
Epoch 29 Valid Loss 0.5831964060783387 Valid Acc 0.7278
Epoch 30 Train Loss 0.5496533244609833 Train Acc 0.73135
Epoch 30 Valid Loss 0.5030296841621399 Valid Acc 0.8216
Epoch 31 Train Loss 0.4746320953369141 Train Acc 0.802
Epoch 31 Valid Loss 0.47049685838222505 Valid Acc 0.8294
Epoch 32 Train Loss 0.4832751612663269 Train Acc 0.78275
Epoch 32 Valid Loss 0.43275195598602295 Valid Acc 0.8134
Epoch 33 Train Loss 0.503373127412796 Train Acc 0.75145
Epoch 33 Valid Loss 0.43164693870544435 Valid Acc 0.8264
Epoch 34 Train Loss 0.41671572437286375 Train Acc 0.8305
Epoch 34 Valid Loss 0.4828362246513367 Valid Acc 0.8316
Epoch 35 Train Loss 0.37861893448829653 Train Acc 0.85265
Epoch 35 Valid Loss 0.3954345782518387 Valid Acc 0.856
Epoch 36 Train Loss 0.37579117045402527 Train Acc 0.84155
Epoch 36 Valid Loss 0.36906686487197876 Valid Acc 0.8544
Epoch 37 Train Loss 0.36518935627937316 Train Acc 0.8577
Epoch 37 Valid Loss 0.4038500473022461 Valid Acc 0.8568
Epoch 38 Train Loss 0.3486189494132996 Train Acc 0.8658
Epoch 38 Valid Loss 0.408335018157959 Valid Acc 0.8598
Epoch 39 Train Loss 0.35243617401123045 Train Acc 0.8697
Epoch 39 Valid Loss 0.4013382373571396 Valid Acc 0.8642
Epoch 40 Train Loss 0.32764365634918213 Train Acc 0.87585
Epoch 40 Valid Loss 0.425579350566864 Valid Acc 0.865
Epoch 41 Train Loss 0.31020330142974856 Train Acc 0.88055
Epoch 41 Valid Loss 0.48979653441905974 Valid Acc 0.8432
Epoch 42 Train Loss 0.3016270361185074 Train Acc 0.887
Epoch 42 Valid Loss 0.43755006182193756 Valid Acc 0.8686
Epoch 43 Train Loss 0.31839129338264466 Train Acc 0.88325
Epoch 43 Valid Loss 0.4222601990222931 Valid Acc 0.87
Epoch 44 Train Loss 0.29684431157112123 Train Acc 0.89195
Epoch 44 Valid Loss 0.48873517540693284 Valid Acc 0.8638
Epoch 45 Train Loss 0.27491678168773653 Train Acc 0.9008
Epoch 45 Valid Loss 0.4243506729602814 Valid Acc 0.8714
Epoch 46 Train Loss 0.31669509997367856 Train Acc 0.88275
Epoch 46 Valid Loss 0.4496400411128998 Valid Acc 0.8698
Epoch 47 Train Loss 0.28730824818611145 Train Acc 0.89895
Epoch 47 Valid Loss 0.4701556640625 Valid Acc 0.8706
Epoch 48 Train Loss 0.2907804898262024 Train Acc 0.89665
Epoch 48 Valid Loss 0.38540817804336547 Valid Acc 0.866
Epoch 49 Train Loss 0.32705605874061583 Train Acc 0.88445
Epoch 49 Valid Loss 0.5122984465122223 Valid Acc 0.8454
Epoch 50 Train Loss 0.29033141973018645 Train Acc 0.90255
Epoch 50 Valid Loss 0.6539231071949005 Valid Acc 0.8394
Epoch 51 Train Loss 0.27008252425193785 Train Acc 0.90005
Epoch 51 Valid Loss 0.5162864914298058 Valid Acc 0.8572
Epoch 52 Train Loss 0.2468813336610794 Train Acc 0.91545
Epoch 52 Valid Loss 0.4659848515748978 Valid Acc 0.8762
Epoch 53 Train Loss 0.2393321658372879 Train Acc 0.91715
Epoch 53 Valid Loss 0.45072935391664504 Valid Acc 0.877
Epoch 54 Train Loss 0.23679675382375717 Train Acc 0.9127
Epoch 54 Valid Loss 0.4733510475039482 Valid Acc 0.8746
Epoch 55 Train Loss 0.22021250301599501 Train Acc 0.92045
Epoch 55 Valid Loss 0.5471016558945179 Valid Acc 0.8464
Epoch 56 Train Loss 0.22125704114437103 Train Acc 0.9217
Epoch 56 Valid Loss 0.5225443152785301 Valid Acc 0.8718
Epoch 57 Train Loss 0.2088354506254196 Train Acc 0.9303
Epoch 57 Valid Loss 0.5375234086751938 Valid Acc 0.872
Epoch 58 Train Loss 0.2022499706864357 Train Acc 0.93185
Epoch 58 Valid Loss 0.5394879682898521 Valid Acc 0.8754
Epoch 59 Train Loss 0.19820797057151796 Train Acc 0.93595
Epoch 59 Valid Loss 0.5112490203619003 Valid Acc 0.8774
Epoch 60 Train Loss 0.25166646823883054 Train Acc 0.9108
Epoch 60 Valid Loss 0.44006508045196535 Valid Acc 0.8552
Epoch 61 Train Loss 0.3146997105121613 Train Acc 0.87365
Epoch 61 Valid Loss 0.5062301377296448 Valid Acc 0.8412
Epoch 62 Train Loss 0.24632288489341736 Train Acc 0.9042
Epoch 62 Valid Loss 0.5164153763115406 Valid Acc 0.8494
Epoch 63 Train Loss 0.208372466981411 Train Acc 0.92345
Epoch 63 Valid Loss 0.5120764472007752 Valid Acc 0.8642
Epoch 64 Train Loss 0.1961306677699089 Train Acc 0.93265
Epoch 64 Valid Loss 0.5369579093277455 Valid Acc 0.8668
Epoch 65 Train Loss 0.1843480761885643 Train Acc 0.9371
Epoch 65 Valid Loss 0.5203231540858746 Valid Acc 0.875
Epoch 66 Train Loss 0.17254308967590332 Train Acc 0.9453
Epoch 66 Valid Loss 0.49859860315918925 Valid Acc 0.8796
Epoch 67 Train Loss 0.16612944577932356 Train Acc 0.9467
Epoch 67 Valid Loss 0.5265070398271083 Valid Acc 0.8722
Epoch 68 Train Loss 0.15907584177851677 Train Acc 0.9487
Epoch 68 Valid Loss 0.5211134968847037 Valid Acc 0.882
Epoch 69 Train Loss 0.1571603965461254 Train Acc 0.9496
Epoch 69 Valid Loss 0.529253145223856 Valid Acc 0.8818
Epoch 70 Train Loss 0.14689269847869874 Train Acc 0.95325
Epoch 70 Valid Loss 0.572681280130148 Valid Acc 0.8728
Epoch 71 Train Loss 0.144777967774868 Train Acc 0.9546
Epoch 71 Valid Loss 0.5531232212901115 Valid Acc 0.8772
Epoch 72 Train Loss 0.1394964405179024 Train Acc 0.9584
Epoch 72 Valid Loss 0.5682091608673334 Valid Acc 0.8778
Epoch 73 Train Loss 0.13585897122621537 Train Acc 0.9584
Epoch 73 Valid Loss 0.5743007572799921 Valid Acc 0.8794
Epoch 74 Train Loss 0.12842625548243522 Train Acc 0.95995
Epoch 74 Valid Loss 0.5594962090045213 Valid Acc 0.88
Epoch 75 Train Loss 0.12706078003048896 Train Acc 0.96185
Epoch 75 Valid Loss 0.556426795899868 Valid Acc 0.8818
Epoch 76 Train Loss 0.12623960165381432 Train Acc 0.96305
Epoch 76 Valid Loss 0.5698872649312019 Valid Acc 0.884
Epoch 77 Train Loss 0.1235114347755909 Train Acc 0.96455
Epoch 77 Valid Loss 0.572843259254098 Valid Acc 0.884
Epoch 78 Train Loss 0.12140978987812996 Train Acc 0.96455
Epoch 78 Valid Loss 0.5789075515419245 Valid Acc 0.8818
Epoch 79 Train Loss 0.11912479595541954 Train Acc 0.9661
Epoch 79 Valid Loss 0.5779308939993382 Valid Acc 0.8834
Epoch 80 Train Loss 0.11757864638566971 Train Acc 0.96695
Epoch 80 Valid Loss 0.6341384295642376 Valid Acc 0.8734
Epoch 81 Train Loss 0.12555526849031448 Train Acc 0.9655
Epoch 81 Valid Loss 0.5159808684259654 Valid Acc 0.8848
Epoch 82 Train Loss 0.12164846069216728 Train Acc 0.9682
Epoch 82 Valid Loss 0.533960107076168 Valid Acc 0.8842
Epoch 83 Train Loss 0.11337860463261604 Train Acc 0.96995
Epoch 83 Valid Loss 0.5138406343579293 Valid Acc 0.8838
Epoch 84 Train Loss 0.11860137559771537 Train Acc 0.9675
Epoch 84 Valid Loss 0.5633971503943205 Valid Acc 0.8842
Epoch 85 Train Loss 0.11458833910226822 Train Acc 0.9684
Epoch 85 Valid Loss 0.5947268560469151 Valid Acc 0.8824
Epoch 86 Train Loss 0.11796371511220932 Train Acc 0.96595
Epoch 86 Valid Loss 0.6767537335038185 Valid Acc 0.8384
Epoch 87 Train Loss 0.11286043302714825 Train Acc 0.9664
Epoch 87 Valid Loss 0.6509244831889868 Valid Acc 0.8602
Epoch 88 Train Loss 0.10401531783044338 Train Acc 0.97155
Epoch 88 Valid Loss 0.620022461116314 Valid Acc 0.8676
Epoch 89 Train Loss 0.09559196097552776 Train Acc 0.9737
Epoch 89 Valid Loss 0.6631353112787008 Valid Acc 0.8658
Epoch 90 Train Loss 0.08898139916658401 Train Acc 0.9748
Epoch 90 Valid Loss 0.7003264238163829 Valid Acc 0.864
Epoch 91 Train Loss 0.08496499419212342 Train Acc 0.9772
Epoch 91 Valid Loss 0.6507377581715584 Valid Acc 0.868
Epoch 92 Train Loss 0.1582693198800087 Train Acc 0.954
Epoch 92 Valid Loss 0.5437582851052284 Valid Acc 0.8856
Epoch 93 Train Loss 0.10838439709544181 Train Acc 0.97165
Epoch 93 Valid Loss 0.5753392541691661 Valid Acc 0.8796
Epoch 94 Train Loss 0.09327214818894863 Train Acc 0.97475
Epoch 94 Valid Loss 0.5550524475723505 Valid Acc 0.8812
Epoch 95 Train Loss 0.09047685543596745 Train Acc 0.97585
Epoch 95 Valid Loss 0.5441325197741389 Valid Acc 0.8822
Epoch 96 Train Loss 0.08167280233204365 Train Acc 0.97945
Epoch 96 Valid Loss 0.6124178766414523 Valid Acc 0.8782
Epoch 97 Train Loss 0.08059277371615171 Train Acc 0.97995
Epoch 97 Valid Loss 0.6562993593171239 Valid Acc 0.8794
Epoch 98 Train Loss 0.08142651564180851 Train Acc 0.97935
Epoch 98 Valid Loss 0.5954530670553446 Valid Acc 0.8832
Epoch 99 Train Loss 0.07767371842563152 Train Acc 0.9801
Epoch 99 Valid Loss 0.670811762034893 Valid Acc 0.8806
-*-*-*-*-*-*-*-*-*-* Test Loss 0.6357981906366348 Test Acc 0.8655200000572204

------------------------------wordavg---------------------------------------
load data ...
build vocab ...
train ...
Epoch 0 Train Loss 0.6836356142044068 Train Acc 0.6271
Epoch 0 Valid Loss 0.6042905714035034 Valid Acc 0.743
Epoch 1 Train Loss 0.6295196312904358 Train Acc 0.75925
Epoch 1 Valid Loss 0.48265629892349243 Valid Acc 0.7774
Epoch 2 Train Loss 0.5450677379608154 Train Acc 0.8109
Epoch 2 Valid Loss 0.42429618129730223 Valid Acc 0.8162
Epoch 3 Train Loss 0.4665744683742523 Train Acc 0.8489
Epoch 3 Valid Loss 0.411155796790123 Valid Acc 0.8426
Epoch 4 Train Loss 0.40521130328178406 Train Acc 0.8712
Epoch 4 Valid Loss 0.42497652928829194 Valid Acc 0.8574
Epoch 5 Train Loss 0.35749383358955383 Train Acc 0.88685
Epoch 5 Valid Loss 0.44058411519527435 Valid Acc 0.8688
Epoch 6 Train Loss 0.32151422452926637 Train Acc 0.8973
Epoch 6 Valid Loss 0.45943216638565065 Valid Acc 0.8752
Epoch 7 Train Loss 0.29458938007354735 Train Acc 0.90695
Epoch 7 Valid Loss 0.4801671689271927 Valid Acc 0.877
Epoch 8 Train Loss 0.27002301971912385 Train Acc 0.9143
Epoch 8 Valid Loss 0.5018628462791442 Valid Acc 0.8806
Epoch 9 Train Loss 0.2518478076696396 Train Acc 0.91985
Epoch 9 Valid Loss 0.5205680959939957 Valid Acc 0.881
Epoch 10 Train Loss 0.23538662168979646 Train Acc 0.9262
Epoch 10 Valid Loss 0.5392848249435425 Valid Acc 0.884
Epoch 11 Train Loss 0.2190161124944687 Train Acc 0.9307
Epoch 11 Valid Loss 0.556836073255539 Valid Acc 0.8888
Epoch 12 Train Loss 0.2064846158504486 Train Acc 0.9352
Epoch 12 Valid Loss 0.5734131385326385 Valid Acc 0.8882
Epoch 13 Train Loss 0.19272740550041198 Train Acc 0.94005
Epoch 13 Valid Loss 0.5916150645256042 Valid Acc 0.89
Epoch 14 Train Loss 0.1814800449371338 Train Acc 0.9434
Epoch 14 Valid Loss 0.603505258321762 Valid Acc 0.8928
Epoch 15 Train Loss 0.1722894592165947 Train Acc 0.9464
Epoch 15 Valid Loss 0.6192614017486572 Valid Acc 0.8926
Epoch 16 Train Loss 0.16207811579704284 Train Acc 0.95015
Epoch 16 Valid Loss 0.635552656507492 Valid Acc 0.8944
Epoch 17 Train Loss 0.15349241404533387 Train Acc 0.95365
Epoch 17 Valid Loss 0.6548747214794159 Valid Acc 0.896
Epoch 18 Train Loss 0.14491299773454666 Train Acc 0.9568
Epoch 18 Valid Loss 0.6732564590454102 Valid Acc 0.8946
Epoch 19 Train Loss 0.13763455740213393 Train Acc 0.95925
Epoch 19 Valid Loss 0.6888945526123047 Valid Acc 0.8966
Epoch 20 Train Loss 0.12905448781251908 Train Acc 0.9621
Epoch 20 Valid Loss 0.7065363903045654 Valid Acc 0.8962
Epoch 21 Train Loss 0.12258045241832734 Train Acc 0.96455
Epoch 21 Valid Loss 0.7250438579082489 Valid Acc 0.8966
Epoch 22 Train Loss 0.11571589268445968 Train Acc 0.96765
Epoch 22 Valid Loss 0.743435614156723 Valid Acc 0.8976
Epoch 23 Train Loss 0.10852382029294967 Train Acc 0.9699
Epoch 23 Valid Loss 0.7643662672996521 Valid Acc 0.8962
Epoch 24 Train Loss 0.10300726154446602 Train Acc 0.97255
Epoch 24 Valid Loss 0.7868066369056702 Valid Acc 0.8968
Epoch 25 Train Loss 0.09862029724121094 Train Acc 0.97465
Epoch 25 Valid Loss 0.806768090057373 Valid Acc 0.8966
Epoch 26 Train Loss 0.09110335612297057 Train Acc 0.9764
Epoch 26 Valid Loss 0.8308044283866882 Valid Acc 0.8954
Epoch 27 Train Loss 0.08690906930565834 Train Acc 0.9781
Epoch 27 Valid Loss 0.851816879272461 Valid Acc 0.896
Epoch 28 Train Loss 0.08193529452681542 Train Acc 0.9802
Epoch 28 Valid Loss 0.8748299975395203 Valid Acc 0.8962
Epoch 29 Train Loss 0.0768015977203846 Train Acc 0.9812
Epoch 29 Valid Loss 0.8988018733978271 Valid Acc 0.8948
Epoch 30 Train Loss 0.07232961105704308 Train Acc 0.98275
Epoch 30 Valid Loss 0.9305026783943177 Valid Acc 0.897
Epoch 31 Train Loss 0.06770049178600311 Train Acc 0.9839
Epoch 31 Valid Loss 0.947617398929596 Valid Acc 0.8954
Epoch 32 Train Loss 0.06498128729760647 Train Acc 0.98515
Epoch 32 Valid Loss 0.9736911509513855 Valid Acc 0.8946
Epoch 33 Train Loss 0.06031113088726997 Train Acc 0.98635
Epoch 33 Valid Loss 1.0004247665405273 Valid Acc 0.8952
Epoch 34 Train Loss 0.05697331954240799 Train Acc 0.9876
Epoch 34 Valid Loss 1.024217416191101 Valid Acc 0.8946
Epoch 35 Train Loss 0.05352328301072121 Train Acc 0.98845
Epoch 35 Valid Loss 1.0509450000762939 Valid Acc 0.8946
Epoch 36 Train Loss 0.04964556838870048 Train Acc 0.98955
Epoch 36 Valid Loss 1.0797885816574098 Valid Acc 0.8938
Epoch 37 Train Loss 0.04722849754691124 Train Acc 0.99055
Epoch 37 Valid Loss 1.1098581387519837 Valid Acc 0.8926
Epoch 38 Train Loss 0.04416634959727526 Train Acc 0.99165
Epoch 38 Valid Loss 1.1463938747406006 Valid Acc 0.894
Epoch 39 Train Loss 0.041227322198450565 Train Acc 0.99205
Epoch 39 Valid Loss 1.1679200269699097 Valid Acc 0.8936
Epoch 40 Train Loss 0.03905870615541935 Train Acc 0.99275
Epoch 40 Valid Loss 1.200042922115326 Valid Acc 0.8934
Epoch 41 Train Loss 0.03602735153138638 Train Acc 0.9932
Epoch 41 Valid Loss 1.2301488836288452 Valid Acc 0.8934
Epoch 42 Train Loss 0.03399216608479619 Train Acc 0.99375
Epoch 42 Valid Loss 1.263998171043396 Valid Acc 0.893
Epoch 43 Train Loss 0.03157563833147287 Train Acc 0.99445
Epoch 43 Valid Loss 1.2988581569671631 Valid Acc 0.8922
Epoch 44 Train Loss 0.029360896310210226 Train Acc 0.9952
Epoch 44 Valid Loss 1.3353845693588258 Valid Acc 0.893
Epoch 45 Train Loss 0.027227429870516063 Train Acc 0.99585
Epoch 45 Valid Loss 1.370420496559143 Valid Acc 0.8928
Epoch 46 Train Loss 0.025683237256109714 Train Acc 0.99625
Epoch 46 Valid Loss 1.4077894453048707 Valid Acc 0.893
Epoch 47 Train Loss 0.02369458948224783 Train Acc 0.99655
Epoch 47 Valid Loss 1.4395116277694702 Valid Acc 0.892
Epoch 48 Train Loss 0.022404196798056365 Train Acc 0.997
Epoch 48 Valid Loss 1.4813662366867066 Valid Acc 0.8932
Epoch 49 Train Loss 0.020816393639147283 Train Acc 0.9972
Epoch 49 Valid Loss 1.5156512073516846 Valid Acc 0.8912
Epoch 50 Train Loss 0.01907183006182313 Train Acc 0.9976
Epoch 50 Valid Loss 1.552734941291809 Valid Acc 0.8904
Epoch 51 Train Loss 0.01779727409593761 Train Acc 0.9979
Epoch 51 Valid Loss 1.5929652271270751 Valid Acc 0.8906
Epoch 52 Train Loss 0.016601653166487814 Train Acc 0.99825
Epoch 52 Valid Loss 1.6357269273757935 Valid Acc 0.889
Epoch 53 Train Loss 0.0156575163112022 Train Acc 0.9983
Epoch 53 Valid Loss 1.6735338958740233 Valid Acc 0.8896
Epoch 54 Train Loss 0.014435333103779703 Train Acc 0.99855
Epoch 54 Valid Loss 1.7167278188705444 Valid Acc 0.8894
Epoch 55 Train Loss 0.013455354475043714 Train Acc 0.99875
Epoch 55 Valid Loss 1.7569247203826903 Valid Acc 0.8892
Epoch 56 Train Loss 0.012270324660092593 Train Acc 0.99885
Epoch 56 Valid Loss 1.7987275737762451 Valid Acc 0.889
Epoch 57 Train Loss 0.011452812873572112 Train Acc 0.99905
Epoch 57 Valid Loss 1.841076971244812 Valid Acc 0.8896
Epoch 58 Train Loss 0.010724730101600289 Train Acc 0.9992
Epoch 58 Valid Loss 1.8883832498550415 Valid Acc 0.8894
Epoch 59 Train Loss 0.00963330451361835 Train Acc 0.99935
Epoch 59 Valid Loss 1.9274039041519164 Valid Acc 0.8886
Epoch 60 Train Loss 0.009047246020846068 Train Acc 0.99945
Epoch 60 Valid Loss 1.969477336883545 Valid Acc 0.8888
Epoch 61 Train Loss 0.008307635857118294 Train Acc 0.9995
Epoch 61 Valid Loss 2.0181682865142823 Valid Acc 0.8872
Epoch 62 Train Loss 0.007956777041219176 Train Acc 0.99965
Epoch 62 Valid Loss 2.062700563812256 Valid Acc 0.8878
Epoch 63 Train Loss 0.00746684846514836 Train Acc 0.9997
Epoch 63 Valid Loss 2.1093332372665405 Valid Acc 0.8866
Epoch 64 Train Loss 0.006611354837100953 Train Acc 0.99975
Epoch 64 Valid Loss 2.154481704902649 Valid Acc 0.888
Epoch 65 Train Loss 0.006280912855290807 Train Acc 0.9998
Epoch 65 Valid Loss 2.1974158420562744 Valid Acc 0.887
Epoch 66 Train Loss 0.005634891050320584 Train Acc 0.9998
Epoch 66 Valid Loss 2.2414563444137574 Valid Acc 0.8856
Epoch 67 Train Loss 0.005237475685123354 Train Acc 0.9998
Epoch 67 Valid Loss 2.287346767425537 Valid Acc 0.886
Epoch 68 Train Loss 0.004937081889831461 Train Acc 0.99985
Epoch 68 Valid Loss 2.3381686672210695 Valid Acc 0.8864
Epoch 69 Train Loss 0.004589030379429459 Train Acc 0.9999
Epoch 69 Valid Loss 2.3849494302749634 Valid Acc 0.8852
Epoch 70 Train Loss 0.0041995035961735995 Train Acc 0.9999
Epoch 70 Valid Loss 2.435548839378357 Valid Acc 0.8846
Epoch 71 Train Loss 0.0038892183507326992 Train Acc 0.99995
Epoch 71 Valid Loss 2.480337907600403 Valid Acc 0.8868
Epoch 72 Train Loss 0.003550866720394697 Train Acc 0.99995
Epoch 72 Valid Loss 2.5281705265045167 Valid Acc 0.887
Epoch 73 Train Loss 0.003358941914967727 Train Acc 0.99995
Epoch 73 Valid Loss 2.5753652950286865 Valid Acc 0.886
Epoch 74 Train Loss 0.0032835331718437375 Train Acc 0.99995
Epoch 74 Valid Loss 2.621485215187073 Valid Acc 0.8854
Epoch 75 Train Loss 0.0028857971859048122 Train Acc 0.99995
Epoch 75 Valid Loss 2.668342268371582 Valid Acc 0.8854
Epoch 76 Train Loss 0.0026691806313581764 Train Acc 0.99995
Epoch 76 Valid Loss 2.718537650871277 Valid Acc 0.885
Epoch 77 Train Loss 0.0024178237655898558 Train Acc 0.99995
Epoch 77 Valid Loss 2.762119885635376 Valid Acc 0.8848
Epoch 78 Train Loss 0.0022226451048336458 Train Acc 0.99995
Epoch 78 Valid Loss 2.8133619972229003 Valid Acc 0.8846
Epoch 79 Train Loss 0.0022511212172161323 Train Acc 0.99995
Epoch 79 Valid Loss 2.8637811958312986 Valid Acc 0.8844
Epoch 80 Train Loss 0.0020342220599064605 Train Acc 0.99995
Epoch 80 Valid Loss 2.9158666257858274 Valid Acc 0.8832
Epoch 81 Train Loss 0.001859209433302749 Train Acc 0.99995
Epoch 81 Valid Loss 2.963099157333374 Valid Acc 0.8828
Epoch 82 Train Loss 0.0016986604111996712 Train Acc 0.99995
Epoch 82 Valid Loss 3.008319426727295 Valid Acc 0.8832
Epoch 83 Train Loss 0.0016311379117629257 Train Acc 0.99995
Epoch 83 Valid Loss 3.0575936248779296 Valid Acc 0.8828
Epoch 84 Train Loss 0.0013850772556004813 Train Acc 0.99995
Epoch 84 Valid Loss 3.0999563579559326 Valid Acc 0.883
Epoch 85 Train Loss 0.0013685769327552407 Train Acc 0.99995
Epoch 85 Valid Loss 3.1461931140899657 Valid Acc 0.8826
Epoch 86 Train Loss 0.0013135825297300471 Train Acc 0.99995
Epoch 86 Valid Loss 3.192942632675171 Valid Acc 0.8828
Epoch 87 Train Loss 0.0011661432018125197 Train Acc 0.99995
Epoch 87 Valid Loss 3.2364587608337403 Valid Acc 0.8812
Epoch 88 Train Loss 0.0011080435006995686 Train Acc 0.99995
Epoch 88 Valid Loss 3.2846082359313966 Valid Acc 0.8814
Epoch 89 Train Loss 0.0009908593257510802 Train Acc 0.99995
Epoch 89 Valid Loss 3.3365540288925173 Valid Acc 0.8826
Epoch 90 Train Loss 0.000903132761537563 Train Acc 0.99995
Epoch 90 Valid Loss 3.372502571105957 Valid Acc 0.882
Epoch 91 Train Loss 0.0008904572377316072 Train Acc 0.99995
Epoch 91 Valid Loss 3.428058899688721 Valid Acc 0.8818
Epoch 92 Train Loss 0.0008533248848951189 Train Acc 0.99995
Epoch 92 Valid Loss 3.467676886367798 Valid Acc 0.8808
Epoch 93 Train Loss 0.0007586584531229164 Train Acc 1.0
Epoch 93 Valid Loss 3.513774933242798 Valid Acc 0.8808
Epoch 94 Train Loss 0.0007136045075909351 Train Acc 1.0
Epoch 94 Valid Loss 3.559626854324341 Valid Acc 0.8806
Epoch 95 Train Loss 0.0006571234283041121 Train Acc 1.0
Epoch 95 Valid Loss 3.611418481826782 Valid Acc 0.8804
Epoch 96 Train Loss 0.0006312982532919705 Train Acc 1.0
Epoch 96 Valid Loss 3.677264879989624 Valid Acc 0.88
Epoch 97 Train Loss 0.0005736780669780274 Train Acc 1.0
Epoch 97 Valid Loss 3.704047671127319 Valid Acc 0.8798
Epoch 98 Train Loss 0.0005196211715727259 Train Acc 1.0
Epoch 98 Valid Loss 3.7493287052154542 Valid Acc 0.8792
Epoch 99 Train Loss 0.0005085240395805101 Train Acc 1.0
Epoch 99 Valid Loss 3.787492430114746 Valid Acc 0.8802

----------------------cnns--------------------------------------------------

load data ...
build vocab ...
train ...
Epoch 0 Train Loss 0.540761920261383 Train Acc 0.7185
Epoch 0 Valid Loss 0.4023691472053528 Valid Acc 0.817
Epoch 1 Train Loss 0.2801748351097107 Train Acc 0.88815
Epoch 1 Valid Loss 0.2881976210594177 Valid Acc 0.879
Epoch 2 Train Loss 0.16935254533290864 Train Acc 0.94265
Epoch 2 Valid Loss 0.2767138735771179 Valid Acc 0.8882
Epoch 3 Train Loss 0.08948765741586685 Train Acc 0.9776
Epoch 3 Valid Loss 0.273769065785408 Valid Acc 0.8908
Epoch 4 Train Loss 0.038883925506472586 Train Acc 0.99555
Epoch 4 Valid Loss 0.28058644812107086 Valid Acc 0.8928
Epoch 5 Train Loss 0.016822255501151084 Train Acc 0.9994
Epoch 5 Valid Loss 0.2963862929582596 Valid Acc 0.891
Epoch 6 Train Loss 0.008324298430234195 Train Acc 0.9999
Epoch 6 Valid Loss 0.3119396378517151 Valid Acc 0.8916
Epoch 7 Train Loss 0.004794809733331204 Train Acc 0.99995
Epoch 7 Valid Loss 0.3258099208831787 Valid Acc 0.8908
Epoch 8 Train Loss 0.0030613577276468276 Train Acc 1.0
Epoch 8 Valid Loss 0.3367687864542007 Valid Acc 0.891
Epoch 9 Train Loss 0.002122975905239582 Train Acc 1.0
Epoch 9 Valid Loss 0.34886659791469576 Valid Acc 0.8914
Epoch 10 Train Loss 0.0015440035071223974 Train Acc 1.0
Epoch 10 Valid Loss 0.3571965960741043 Valid Acc 0.8916
Epoch 11 Train Loss 0.0011355463357642292 Train Acc 1.0
Epoch 11 Valid Loss 0.3667427219867706 Valid Acc 0.8924
Epoch 12 Train Loss 0.0008608420019503683 Train Acc 1.0
Epoch 12 Valid Loss 0.3755230441093445 Valid Acc 0.892
Epoch 13 Train Loss 0.0006594042060896754 Train Acc 1.0
Epoch 13 Valid Loss 0.3835199434041977 Valid Acc 0.8922
Epoch 14 Train Loss 0.0005185228686779737 Train Acc 1.0
Epoch 14 Valid Loss 0.391327187538147 Valid Acc 0.8924
Epoch 15 Train Loss 0.000407091628247872 Train Acc 1.0
Epoch 15 Valid Loss 0.3991829446077347 Valid Acc 0.892
Epoch 16 Train Loss 0.00032560198823921384 Train Acc 1.0
Epoch 16 Valid Loss 0.4067186894416809 Valid Acc 0.8922
Epoch 17 Train Loss 0.00025938436747528613 Train Acc 1.0
Epoch 17 Valid Loss 0.4141364007472992 Valid Acc 0.8922
Epoch 18 Train Loss 0.00020901090023107827 Train Acc 1.0
Epoch 18 Valid Loss 0.42141369352340696 Valid Acc 0.8916
Epoch 19 Train Loss 0.00017019895893754437 Train Acc 1.0
Epoch 19 Valid Loss 0.4294205325126648 Valid Acc 0.8916
Epoch 20 Train Loss 0.00013801466948352753 Train Acc 1.0
Epoch 20 Valid Loss 0.43580787105560304 Valid Acc 0.8916
Epoch 21 Train Loss 0.00011195409989450127 Train Acc 1.0
Epoch 21 Valid Loss 0.4427691283226013 Valid Acc 0.8924
Epoch 22 Train Loss 9.166192426346243e-05 Train Acc 1.0
Epoch 22 Valid Loss 0.4499003232240677 Valid Acc 0.8926
Epoch 23 Train Loss 7.595330881886184e-05 Train Acc 1.0
Epoch 23 Valid Loss 0.4564192496299744 Valid Acc 0.892
Epoch 24 Train Loss 6.178310187533498e-05 Train Acc 1.0
Epoch 24 Valid Loss 0.46306954574584963 Valid Acc 0.8918
Epoch 25 Train Loss 5.086368044721894e-05 Train Acc 1.0
Epoch 25 Valid Loss 0.47028787846565245 Valid Acc 0.8922
Epoch 26 Train Loss 4.2081089940620583e-05 Train Acc 1.0
Epoch 26 Valid Loss 0.4770907350063324 Valid Acc 0.8926
Epoch 27 Train Loss 3.476655367994681e-05 Train Acc 1.0
Epoch 27 Valid Loss 0.4834027250766754 Valid Acc 0.8914
Epoch 28 Train Loss 2.8797795259743e-05 Train Acc 1.0
Epoch 28 Valid Loss 0.49033290252685546 Valid Acc 0.8922
Epoch 29 Train Loss 2.3910274243098682e-05 Train Acc 1.0
Epoch 29 Valid Loss 0.496905322599411 Valid Acc 0.892
Epoch 30 Train Loss 1.986036750895437e-05 Train Acc 1.0
Epoch 30 Valid Loss 0.5035466501712799 Valid Acc 0.8928
Epoch 31 Train Loss 1.649750991346082e-05 Train Acc 1.0
Epoch 31 Valid Loss 0.5102813540458679 Valid Acc 0.8928
Epoch 32 Train Loss 1.369913357339101e-05 Train Acc 1.0
Epoch 32 Valid Loss 0.5169444253444672 Valid Acc 0.8928
Epoch 33 Train Loss 1.1406409744813573e-05 Train Acc 1.0
Epoch 33 Valid Loss 0.5234766126632691 Valid Acc 0.8928
Epoch 34 Train Loss 9.520613272616174e-06 Train Acc 1.0
Epoch 34 Valid Loss 0.5303783579349518 Valid Acc 0.8928
Epoch 35 Train Loss 7.95458384382073e-06 Train Acc 1.0
Epoch 35 Valid Loss 0.5368069810390472 Valid Acc 0.8928
Epoch 36 Train Loss 6.646563803224126e-06 Train Acc 1.0
Epoch 36 Valid Loss 0.543448943567276 Valid Acc 0.8928
Epoch 37 Train Loss 5.554498409037478e-06 Train Acc 1.0
Epoch 37 Valid Loss 0.5500136908531189 Valid Acc 0.893
Epoch 38 Train Loss 4.664637554378714e-06 Train Acc 1.0
Epoch 38 Valid Loss 0.5569048293590546 Valid Acc 0.8932
Epoch 39 Train Loss 3.8932783623749854e-06 Train Acc 1.0
Epoch 39 Valid Loss 0.5631871654987335 Valid Acc 0.8928
Epoch 40 Train Loss 3.3177366996824276e-06 Train Acc 1.0
Epoch 40 Valid Loss 0.5701756894111634 Valid Acc 0.893
Epoch 41 Train Loss 2.755822577091749e-06 Train Acc 1.0
Epoch 41 Valid Loss 0.57662914853096 Valid Acc 0.893
Epoch 42 Train Loss 2.3176309219707035e-06 Train Acc 1.0
Epoch 42 Valid Loss 0.5833347654342651 Valid Acc 0.8932
Epoch 43 Train Loss 1.941160430578748e-06 Train Acc 1.0
Epoch 43 Valid Loss 0.5895301198482513 Valid Acc 0.8926
Epoch 44 Train Loss 1.6318981395670563e-06 Train Acc 1.0
Epoch 44 Valid Loss 0.59617220454216 Valid Acc 0.8928
Epoch 45 Train Loss 1.3742705530603417e-06 Train Acc 1.0
Epoch 45 Valid Loss 0.6026206187725067 Valid Acc 0.8926
Epoch 46 Train Loss 1.1588366800424411e-06 Train Acc 1.0
Epoch 46 Valid Loss 0.6093464987277984 Valid Acc 0.8928
Epoch 47 Train Loss 9.769479599526676e-07 Train Acc 1.0
Epoch 47 Valid Loss 0.6162753532886505 Valid Acc 0.892
Epoch 48 Train Loss 8.276626941551513e-07 Train Acc 1.0
Epoch 48 Valid Loss 0.6227623603820801 Valid Acc 0.8924
Epoch 49 Train Loss 6.980885957091231e-07 Train Acc 1.0
Epoch 49 Valid Loss 0.6291532790660859 Valid Acc 0.8926
Epoch 50 Train Loss 5.969217729671072e-07 Train Acc 1.0
Epoch 50 Valid Loss 0.6362371892929077 Valid Acc 0.8924
Epoch 51 Train Loss 5.029017324886809e-07 Train Acc 1.0
Epoch 51 Valid Loss 0.642580737066269 Valid Acc 0.8922
Epoch 52 Train Loss 4.242416494889767e-07 Train Acc 1.0
Epoch 52 Valid Loss 0.649141694021225 Valid Acc 0.8924
Epoch 53 Train Loss 3.595707179101737e-07 Train Acc 1.0
Epoch 53 Valid Loss 0.6558972489356995 Valid Acc 0.8928
Epoch 54 Train Loss 3.048656440569175e-07 Train Acc 1.0
Epoch 54 Valid Loss 0.6625090667724609 Valid Acc 0.8928
Epoch 55 Train Loss 2.596853788872977e-07 Train Acc 1.0
Epoch 55 Valid Loss 0.6694613442420959 Valid Acc 0.8926
Epoch 56 Train Loss 2.210318032439318e-07 Train Acc 1.0
Epoch 56 Valid Loss 0.6763328100681305 Valid Acc 0.8922
Epoch 57 Train Loss 1.8689029288907477e-07 Train Acc 1.0
Epoch 57 Valid Loss 0.68331720495224 Valid Acc 0.8926
Epoch 58 Train Loss 1.5975231094671472e-07 Train Acc 1.0
Epoch 58 Valid Loss 0.68970878739357 Valid Acc 0.8928
Epoch 59 Train Loss 1.357137782179052e-07 Train Acc 1.0
Epoch 59 Valid Loss 0.696691748046875 Valid Acc 0.8924
Epoch 60 Train Loss 1.148760053638398e-07 Train Acc 1.0
Epoch 60 Valid Loss 0.7034221430778503 Valid Acc 0.892
Epoch 61 Train Loss 9.753702087209603e-08 Train Acc 1.0
Epoch 61 Valid Loss 0.709669716835022 Valid Acc 0.892
Epoch 62 Train Loss 8.312462216366612e-08 Train Acc 1.0
Epoch 62 Valid Loss 0.7165097249984741 Valid Acc 0.8916
Epoch 63 Train Loss 7.033346888363212e-08 Train Acc 1.0
Epoch 63 Valid Loss 0.7229856239318848 Valid Acc 0.8918
Epoch 64 Train Loss 5.987881680198371e-08 Train Acc 1.0
Epoch 64 Valid Loss 0.7295381390094757 Valid Acc 0.8918
Epoch 65 Train Loss 5.04612852438413e-08 Train Acc 1.0
Epoch 65 Valid Loss 0.73587528424263 Valid Acc 0.8918
Epoch 66 Train Loss 4.280208994202894e-08 Train Acc 1.0
Epoch 66 Valid Loss 0.7426000163555145 Valid Acc 0.8916
Epoch 67 Train Loss 3.6627049749426985e-08 Train Acc 1.0
Epoch 67 Valid Loss 0.748924435377121 Valid Acc 0.8916
Epoch 68 Train Loss 3.0660625930067907e-08 Train Acc 1.0
Epoch 68 Valid Loss 0.7553985934257508 Valid Acc 0.8914
Epoch 69 Train Loss 2.5409457478531293e-08 Train Acc 1.0
Epoch 69 Valid Loss 0.7613863675117493 Valid Acc 0.8916
Epoch 70 Train Loss 2.0897386401941276e-08 Train Acc 1.0
Epoch 70 Valid Loss 0.7671148653030395 Valid Acc 0.8916
Epoch 71 Train Loss 1.6915796646799208e-08 Train Acc 1.0
Epoch 71 Valid Loss 0.7725548425197601 Valid Acc 0.8914
Epoch 72 Train Loss 1.3482569467626603e-08 Train Acc 1.0
Epoch 72 Valid Loss 0.7779551230430602 Valid Acc 0.8912
Epoch 73 Train Loss 1.0508297997802174e-08 Train Acc 1.0
Epoch 73 Valid Loss 0.7829406549453736 Valid Acc 0.8924
Epoch 74 Train Loss 8.159875224578173e-09 Train Acc 1.0
Epoch 74 Valid Loss 0.7880936836719513 Valid Acc 0.8924
Epoch 75 Train Loss 6.288289543832093e-09 Train Acc 1.0
Epoch 75 Valid Loss 0.7926046759605407 Valid Acc 0.892
Epoch 76 Train Loss 4.899501434962872e-09 Train Acc 1.0
Epoch 76 Valid Loss 0.7973074538230897 Valid Acc 0.892
Epoch 77 Train Loss 3.898143497949036e-09 Train Acc 1.0
Epoch 77 Valid Loss 0.8026732894420624 Valid Acc 0.8916
Epoch 78 Train Loss 3.0934808535221237e-09 Train Acc 1.0
Epoch 78 Valid Loss 0.8068338073730469 Valid Acc 0.8914
Epoch 79 Train Loss 2.4557112034528925e-09 Train Acc 1.0
Epoch 79 Valid Loss 0.8114795403957367 Valid Acc 0.8912
Epoch 80 Train Loss 2.0861624285828382e-09 Train Acc 1.0
Epoch 80 Valid Loss 0.8156243488788605 Valid Acc 0.8914
Epoch 81 Train Loss 1.7285345887074755e-09 Train Acc 1.0
Epoch 81 Valid Loss 0.8207730692386627 Valid Acc 0.8912
Epoch 82 Train Loss 1.4066695264602913e-09 Train Acc 1.0
Epoch 82 Valid Loss 0.8253508971214294 Valid Acc 0.8906
Epoch 83 Train Loss 1.2159346763240819e-09 Train Acc 1.0
Epoch 83 Valid Loss 0.8299110327243805 Valid Acc 0.8904
Epoch 84 Train Loss 1.0490416833874861e-09 Train Acc 1.0
Epoch 84 Valid Loss 0.8340590354442596 Valid Acc 0.8904
Epoch 85 Train Loss 8.702277607852693e-10 Train Acc 1.0
Epoch 85 Valid Loss 0.83802990193367 Valid Acc 0.8902
Epoch 86 Train Loss 7.68899868219819e-10 Train Acc 1.0
Epoch 86 Valid Loss 0.8405679594993591 Valid Acc 0.8906
Epoch 87 Train Loss 6.198882683605688e-10 Train Acc 1.0
Epoch 87 Valid Loss 0.8477902232646942 Valid Acc 0.8904
 Epoch 88 Train Loss 5.602836267826205e-10 Train Acc 1.0
Epoch 88 Valid Loss 0.8528918050765991 Valid Acc 0.8902
Epoch 89 Train Loss 4.827975931931405e-10 Train Acc 1.0
Epoch 89 Valid Loss 0.8558351170301437 Valid Acc 0.8904
Epoch 90 Train Loss 4.112720237259282e-10 Train Acc 1.0
Epoch 90 Valid Loss 0.8597546768188477 Valid Acc 0.8902
Epoch 91 Train Loss 3.5166738285852263e-10 Train Acc 1.0
Epoch 91 Valid Loss 0.8658592982053757 Valid Acc 0.8908
Epoch 92 Train Loss 3.397464549692586e-10 Train Acc 1.0
Epoch 92 Valid Loss 0.86872617790699 Valid Acc 0.8908
Epoch 93 Train Loss 2.6822088443623215e-10 Train Acc 1.0
Epoch 93 Valid Loss 0.8721928349018097 Valid Acc 0.891
Epoch 94 Train Loss 2.3245810041316873e-10 Train Acc 1.0
Epoch 94 Valid Loss 0.8792016971588135 Valid Acc 0.891
Epoch 95 Train Loss 2.1457670769109427e-10 Train Acc 1.0
Epoch 95 Valid Loss 0.8784465360879898 Valid Acc 0.8906
Epoch 96 Train Loss 1.8477438779029852e-10 Train Acc 1.0
Epoch 96 Valid Loss 0.8841426833629609 Valid Acc 0.8904
Epoch 97 Train Loss 1.549720668236887e-10 Train Acc 1.0
Epoch 97 Valid Loss 0.8915848105430603 Valid Acc 0.8918
Epoch 98 Train Loss 1.4901160305669236e-10 Train Acc 1.0
Epoch 98 Valid Loss 0.8889795143127441 Valid Acc 0.8902
Epoch 99 Train Loss 1.2516974656762159e-10 Train Acc 1.0
Epoch 99 Valid Loss 0.8950755483865738 Valid Acc 0.8914